2018-03-24 13:26:42 INFO  JavaRushTasksProjectComponent.projectOpened(69) - ---------- Version 3.16 ----------

2018-03-24 13:26:42 INFO  ApacheHttpClient.createAsyncHttpClient(130) - Выбрано 1 прокси. Тип : DIRECT
2018-03-24 13:26:42 INFO  ApacheHttpClient.<init>(88) - ApacheHttpClient проинстанциирован успешно.
2018-03-24 13:26:43 INFO  ApacheHttpClient.testConnection(188) - responseCode = 200
2018-03-24 13:26:43 INFO  ApacheHttpClient.testConnection(196) - result = true
2018-03-24 13:26:43 INFO  ApacheHttpClient.login(220) - Ожидание ответа сервера.
2018-03-24 13:26:43 INFO  ApacheHttpClient.login(224) - responseCode = 200
2018-03-24 13:26:43 INFO  ApacheHttpClient.login(255) - JSESSIONID=2D043678B638209562EE67AE764024DF
2018-03-24 13:26:44 INFO  ApacheHttpClient.refreshUserInfo(283) - responseCode = 200
2018-03-24 13:26:44 INFO  ApacheHttpClient.refreshUserInfo(289) - Информация о пользователе получена.
2018-03-24 13:26:44 INFO  ApacheHttpClient.startGA(31) - GAService запущен.
2018-03-24 13:26:44 INFO  AbstractRestApiClient.startService(70) - EventsService запущен.
2018-03-24 13:26:46 INFO  ApacheHttpClient.testConnection(188) - responseCode = 200
2018-03-24 13:26:46 INFO  ApacheHttpClient.testConnection(196) - result = true
2018-03-24 13:26:46 INFO  ApacheHttpClient.testConnection(188) - responseCode = 200
2018-03-24 13:26:46 INFO  ApacheHttpClient.testConnection(196) - result = true
2018-03-24 13:26:46 INFO  ApacheHttpClient.testConnection(188) - responseCode = 200
2018-03-24 13:26:46 INFO  ApacheHttpClient.testConnection(196) - result = true
2018-03-24 13:26:46 INFO  ApacheHttpClient.getWebResourceAsStream(431) - responseCode = 200
2018-03-24 13:26:47 INFO  ApacheHttpClient.testConnection(188) - responseCode = 200
2018-03-24 13:26:47 INFO  ApacheHttpClient.testConnection(196) - result = true
2018-03-24 13:26:47 INFO  ApacheHttpClient.testConnection(188) - responseCode = 200
2018-03-24 13:26:47 INFO  ApacheHttpClient.testConnection(196) - result = true
2018-03-24 13:26:47 INFO  ApacheHttpClient.getWebResourceAsStream(431) - responseCode = 200
2018-03-24 13:26:49 INFO  ApacheHttpClient.testConnection(188) - responseCode = 200
2018-03-24 13:26:49 INFO  ApacheHttpClient.testConnection(196) - result = true
2018-03-24 13:26:49 INFO  ApacheHttpClient.testConnection(188) - responseCode = 200
2018-03-24 13:26:49 INFO  ApacheHttpClient.testConnection(196) - result = true
2018-03-24 13:27:44 INFO  ApacheHttpClient.sendEvent(464) - responseCode = 200
2018-03-24 13:28:44 INFO  ApacheHttpClient.sendEvent(464) - responseCode = 200
2018-03-24 13:29:44 INFO  ApacheHttpClient.sendEvent(464) - responseCode = 200
2018-03-24 13:30:44 INFO  ApacheHttpClient.sendEvent(464) - responseCode = 200
2018-03-24 13:31:44 INFO  ApacheHttpClient.sendEvent(464) - responseCode = 200
2018-03-24 13:32:44 INFO  ApacheHttpClient.sendEvent(464) - responseCode = 200
2018-03-24 13:33:44 INFO  ApacheHttpClient.sendEvent(464) - responseCode = 200
2018-03-24 13:34:44 INFO  ApacheHttpClient.sendEvent(464) - responseCode = 200
2018-03-24 13:35:44 INFO  ApacheHttpClient.sendEvent(464) - responseCode = 200
2018-03-24 13:36:44 INFO  ApacheHttpClient.sendEvent(464) - responseCode = 200
2018-03-24 13:37:44 INFO  ApacheHttpClient.sendEvent(464) - responseCode = 200
2018-03-24 13:38:44 INFO  ApacheHttpClient.sendEvent(464) - responseCode = 200
2018-03-24 13:39:44 INFO  ApacheHttpClient.sendEvent(464) - responseCode = 200
2018-03-24 13:40:44 INFO  ApacheHttpClient.sendEvent(464) - responseCode = 200
2018-03-24 13:41:44 INFO  ApacheHttpClient.sendEvent(464) - responseCode = 200
2018-03-24 13:41:56 INFO  ApacheHttpClient.getWebResourceAsStream(431) - responseCode = 200
2018-03-24 13:41:56 INFO  ApacheHttpClient.getTask(416) - responseCode = 200
2018-03-24 13:41:56 INFO  ApacheHttpClient.getWebResourceAsStream(431) - responseCode = 200
2018-03-24 13:42:01 INFO  ApacheHttpClient.completed(27) - responseCode = 200
2018-03-24 13:42:44 INFO  ApacheHttpClient.sendEvent(464) - responseCode = 200
2018-03-24 13:43:37 INFO  ApacheHttpClient.getWebResourceAsStream(431) - responseCode = 200
2018-03-24 13:43:38 INFO  ApacheHttpClient.getTask(416) - responseCode = 200
2018-03-24 13:43:44 INFO  ApacheHttpClient.sendEvent(464) - responseCode = 200
2018-03-24 13:44:44 INFO  ApacheHttpClient.sendEvent(464) - responseCode = 200
2018-03-24 13:45:44 INFO  ApacheHttpClient.sendEvent(464) - responseCode = 200
2018-03-24 13:46:44 INFO  ApacheHttpClient.sendEvent(464) - responseCode = 200
2018-03-24 13:47:44 INFO  ApacheHttpClient.sendEvent(464) - responseCode = 200
2018-03-24 13:48:44 INFO  ApacheHttpClient.sendEvent(464) - responseCode = 200
2018-03-24 13:49:44 INFO  ApacheHttpClient.sendEvent(464) - responseCode = 200
2018-03-24 13:50:44 INFO  ApacheHttpClient.sendEvent(464) - responseCode = 200
2018-03-24 13:51:44 INFO  ApacheHttpClient.sendEvent(464) - responseCode = 200
2018-03-24 13:52:44 INFO  ApacheHttpClient.sendEvent(464) - responseCode = 200
2018-03-24 13:52:48 INFO  ApacheHttpClient.getWebResourceAsStream(431) - responseCode = 200
2018-03-24 13:52:48 INFO  ApacheHttpClient.getWebResourceAsStream(431) - responseCode = 200
2018-03-24 13:52:48 INFO  ApacheHttpClient.getTask(416) - responseCode = 200
2018-03-24 13:52:52 INFO  ApacheHttpClient.completed(27) - responseCode = 200
2018-03-24 13:52:52 INFO  ApacheHttpClient.getTask(416) - responseCode = 200
2018-03-24 13:53:44 INFO  ApacheHttpClient.sendEvent(464) - responseCode = 200
2018-03-24 13:54:44 INFO  ApacheHttpClient.sendEvent(464) - responseCode = 200
2018-03-24 13:55:44 INFO  ApacheHttpClient.sendEvent(464) - responseCode = 200
2018-03-24 13:56:44 INFO  ApacheHttpClient.sendEvent(464) - responseCode = 200
2018-03-24 13:57:44 INFO  ApacheHttpClient.sendEvent(464) - responseCode = 200
2018-03-24 13:58:44 INFO  ApacheHttpClient.sendEvent(464) - responseCode = 200
2018-03-24 13:59:44 INFO  ApacheHttpClient.sendEvent(464) - responseCode = 200
2018-03-24 14:00:44 INFO  ApacheHttpClient.sendEvent(464) - responseCode = 200
2018-03-24 14:01:44 INFO  ApacheHttpClient.sendEvent(464) - responseCode = 200
2018-03-24 14:02:44 INFO  ApacheHttpClient.sendEvent(464) - responseCode = 200
2018-03-24 14:03:44 INFO  ApacheHttpClient.sendEvent(464) - responseCode = 200
2018-03-24 14:04:44 INFO  ApacheHttpClient.sendEvent(464) - responseCode = 200
2018-03-24 14:05:44 INFO  ApacheHttpClient.sendEvent(464) - responseCode = 200
2018-03-24 14:25:11 INFO  JavaRushTasksProjectComponent.projectOpened(68) - ---------- Project JavaRushTasks opened ----------
2018-03-24 14:25:11 INFO  JavaRushTasksProjectComponent.projectOpened(69) - ---------- Version 3.16 ----------

2018-03-24 14:25:11 INFO  ApacheHttpClient.createAsyncHttpClient(130) - Выбрано 1 прокси. Тип : DIRECT
2018-03-24 14:25:11 INFO  ApacheHttpClient.<init>(88) - ApacheHttpClient проинстанциирован успешно.
2018-03-24 14:25:12 INFO  ApacheHttpClient.testConnection(188) - responseCode = 200
2018-03-24 14:25:12 INFO  ApacheHttpClient.testConnection(196) - result = true
2018-03-24 14:25:12 INFO  ApacheHttpClient.login(220) - Ожидание ответа сервера.
2018-03-24 14:25:12 INFO  ApacheHttpClient.login(224) - responseCode = 200
2018-03-24 14:25:12 INFO  ApacheHttpClient.login(255) - JSESSIONID=DBF69BAE197ED7C81AB6D563E415DD3F
2018-03-24 14:25:12 INFO  ApacheHttpClient.refreshUserInfo(283) - responseCode = 200
2018-03-24 14:25:12 INFO  ApacheHttpClient.refreshUserInfo(289) - Информация о пользователе получена.
2018-03-24 14:25:12 INFO  ApacheHttpClient.startGA(31) - GAService запущен.
2018-03-24 14:25:12 INFO  AbstractRestApiClient.startService(70) - EventsService запущен.
2018-03-24 14:25:14 INFO  ApacheHttpClient.testConnection(188) - responseCode = 200
2018-03-24 14:25:14 INFO  ApacheHttpClient.testConnection(196) - result = true
2018-03-24 14:25:14 INFO  ApacheHttpClient.testConnection(188) - responseCode = 200
2018-03-24 14:25:14 INFO  ApacheHttpClient.testConnection(196) - result = true
2018-03-24 14:25:14 INFO  ApacheHttpClient.testConnection(188) - responseCode = 200
2018-03-24 14:25:14 INFO  ApacheHttpClient.testConnection(196) - result = true
2018-03-24 14:25:14 INFO  ApacheHttpClient.testConnection(188) - responseCode = 200
2018-03-24 14:25:14 INFO  ApacheHttpClient.testConnection(196) - result = true
2018-03-24 14:25:14 INFO  ApacheHttpClient.getWebResourceAsStream(431) - responseCode = 200
2018-03-24 14:25:15 INFO  ApacheHttpClient.getWebResourceAsStream(431) - responseCode = 200
2018-03-24 14:25:16 INFO  ApacheHttpClient.testConnection(188) - responseCode = 200
2018-03-24 14:25:16 INFO  ApacheHttpClient.testConnection(196) - result = true
2018-03-24 14:25:16 INFO  ApacheHttpClient.testConnection(188) - responseCode = 200
2018-03-24 14:25:16 INFO  ApacheHttpClient.testConnection(196) - result = true
2018-03-24 14:25:16 INFO  ApacheHttpClient.testConnection(188) - responseCode = 200
2018-03-24 14:25:16 INFO  ApacheHttpClient.testConnection(196) - result = true
2018-03-24 14:25:21 ERROR GitHandler.error(130) - Cannot run program "git.exe" (in directory "C:\1\JavaRushTasks"): CreateProcess error=2, The system cannot find the file specified
com.intellij.execution.process.ProcessNotCreatedException: Cannot run program "git.exe" (in directory "C:\1\JavaRushTasks"): CreateProcess error=2, The system cannot find the file specified
	at com.intellij.execution.configurations.GeneralCommandLine.createProcess(GeneralCommandLine.java:386)
	at com.intellij.execution.process.OSProcessHandler.<init>(OSProcessHandler.java:44)
	at com.intellij.execution.process.KillableProcessHandler.<init>(KillableProcessHandler.java:44)
	at com.intellij.execution.process.KillableProcessHandler.<init>(KillableProcessHandler.java:52)
	at git4idea.commands.GitTextHandler$MyOSProcessHandler.<init>(GitTextHandler.java:172)
	at git4idea.commands.GitLineHandler.createProcess(GitLineHandler.java:175)
	at git4idea.commands.GitTextHandler.startProcess(GitTextHandler.java:68)
	at git4idea.commands.GitHandler.start(GitHandler.java:454)
	at git4idea.commands.GitHandler.runInCurrentThread(GitHandler.java:751)
	at git4idea.history.GitLogUtil.readRecordsFromHandler(GitLogUtil.java:337)
	at git4idea.history.GitLogUtil.readRecords(GitLogUtil.java:302)
	at git4idea.history.GitLogUtil.collectMetadata(GitLogUtil.java:200)
	at git4idea.history.GitLogUtil.collectMetadata(GitLogUtil.java:177)
	at git4idea.log.GitLogProvider.readFirstBlock(GitLogProvider.java:111)
	at com.intellij.vcs.log.data.VcsLogRefresherImpl$2.each(VcsLogRefresherImpl.java:133)
	at com.intellij.vcs.log.data.VcsLogRefresherImpl$ProviderIterator.iterate(VcsLogRefresherImpl.java:394)
	at com.intellij.vcs.log.data.VcsLogRefresherImpl.loadRecentData(VcsLogRefresherImpl.java:139)
	at com.intellij.vcs.log.data.VcsLogRefresherImpl.readFirstBlock(VcsLogRefresherImpl.java:111)
	at com.intellij.vcs.log.data.VcsLogData$1.run(VcsLogData.java:154)
	at com.intellij.openapi.progress.impl.CoreProgressManager$TaskRunnable.run(CoreProgressManager.java:713)
	at com.intellij.openapi.progress.impl.CoreProgressManager.lambda$runProcess$1(CoreProgressManager.java:157)
	at com.intellij.openapi.progress.impl.CoreProgressManager.registerIndicatorAndRun(CoreProgressManager.java:543)
	at com.intellij.openapi.progress.impl.CoreProgressManager.executeProcessUnderProgress(CoreProgressManager.java:488)
	at com.intellij.openapi.progress.impl.ProgressManagerImpl.executeProcessUnderProgress(ProgressManagerImpl.java:94)
	at com.intellij.openapi.progress.impl.CoreProgressManager.runProcess(CoreProgressManager.java:144)
	at com.intellij.openapi.progress.impl.ProgressManagerImpl$2.run(ProgressManagerImpl.java:165)
	at com.intellij.openapi.application.impl.ApplicationImpl$1.run(ApplicationImpl.java:315)
	at java.util.concurrent.Executors$RunnableAdapter.call(Executors.java:511)
	at java.util.concurrent.FutureTask.run(FutureTask.java:266)
	at java.util.concurrent.ThreadPoolExecutor.runWorker(ThreadPoolExecutor.java:1142)
	at java.util.concurrent.ThreadPoolExecutor$Worker.run(ThreadPoolExecutor.java:617)
	at java.lang.Thread.run(Thread.java:745)
Caused by: java.io.IOException: Cannot run program "git.exe" (in directory "C:\1\JavaRushTasks"): CreateProcess error=2, The system cannot find the file specified
	at java.lang.ProcessBuilder.start(ProcessBuilder.java:1048)
	at com.intellij.execution.configurations.GeneralCommandLine.startProcess(GeneralCommandLine.java:415)
	at com.intellij.execution.configurations.GeneralCommandLine.createProcess(GeneralCommandLine.java:382)
	... 31 more
Caused by: java.io.IOException: CreateProcess error=2, The system cannot find the file specified
	at java.lang.ProcessImpl.create(Native Method)
	at java.lang.ProcessImpl.<init>(ProcessImpl.java:386)
	at java.lang.ProcessImpl.start(ProcessImpl.java:137)
	at java.lang.ProcessBuilder.start(ProcessBuilder.java:1029)
	... 33 more
2018-03-24 14:25:21 ERROR GitHandler.logErrorHeader(138) - IntelliJ IDEA 2017.3.4  Build #IC-173.4548.28
2018-03-24 14:25:21 ERROR GitHandler.logErrorHeader(145) - JDK: 1.8.0_152-release
2018-03-24 14:25:21 ERROR GitHandler.logErrorHeader(146) - VM: OpenJDK 64-Bit Server VM
2018-03-24 14:25:21 ERROR GitHandler.logErrorHeader(147) - Vendor: JetBrains s.r.o
2018-03-24 14:25:21 ERROR GitHandler.logErrorHeader(148) - OS: Windows 10
2018-03-24 14:25:21 ERROR GitHandler.logErrorHeader(154) - Last Action: 
2018-03-24 14:25:21 ERROR VcsLogData.error(130) - Cannot run program "git.exe" (in directory "C:\1\JavaRushTasks"): CreateProcess error=2, The system cannot find the file specified
com.intellij.openapi.vcs.VcsException: Cannot run program "git.exe" (in directory "C:\1\JavaRushTasks"): CreateProcess error=2, The system cannot find the file specified
	at git4idea.history.GitLogOutputSplitter.startFailed(GitLogOutputSplitter.java:125)
	at sun.reflect.NativeMethodAccessorImpl.invoke0(Native Method)
	at sun.reflect.NativeMethodAccessorImpl.invoke(NativeMethodAccessorImpl.java:62)
	at sun.reflect.DelegatingMethodAccessorImpl.invoke(DelegatingMethodAccessorImpl.java:43)
	at java.lang.reflect.Method.invoke(Method.java:498)
	at com.intellij.util.EventDispatcher.dispatch(EventDispatcher.java:99)
	at com.intellij.util.EventDispatcher.access$200(EventDispatcher.java:35)
	at com.intellij.util.EventDispatcher$2.invoke(EventDispatcher.java:79)
	at com.sun.proxy.$Proxy100.startFailed(Unknown Source)
	at git4idea.commands.GitHandler.start(GitHandler.java:465)
	at git4idea.commands.GitHandler.runInCurrentThread(GitHandler.java:751)
	at git4idea.history.GitLogUtil.readRecordsFromHandler(GitLogUtil.java:337)
	at git4idea.history.GitLogUtil.readRecords(GitLogUtil.java:302)
	at git4idea.history.GitLogUtil.collectMetadata(GitLogUtil.java:200)
	at git4idea.history.GitLogUtil.collectMetadata(GitLogUtil.java:177)
	at git4idea.log.GitLogProvider.readFirstBlock(GitLogProvider.java:111)
	at com.intellij.vcs.log.data.VcsLogRefresherImpl$2.each(VcsLogRefresherImpl.java:133)
	at com.intellij.vcs.log.data.VcsLogRefresherImpl$ProviderIterator.iterate(VcsLogRefresherImpl.java:394)
	at com.intellij.vcs.log.data.VcsLogRefresherImpl.loadRecentData(VcsLogRefresherImpl.java:139)
	at com.intellij.vcs.log.data.VcsLogRefresherImpl.readFirstBlock(VcsLogRefresherImpl.java:111)
	at com.intellij.vcs.log.data.VcsLogData$1.run(VcsLogData.java:154)
	at com.intellij.openapi.progress.impl.CoreProgressManager$TaskRunnable.run(CoreProgressManager.java:713)
	at com.intellij.openapi.progress.impl.CoreProgressManager.lambda$runProcess$1(CoreProgressManager.java:157)
	at com.intellij.openapi.progress.impl.CoreProgressManager.registerIndicatorAndRun(CoreProgressManager.java:543)
	at com.intellij.openapi.progress.impl.CoreProgressManager.executeProcessUnderProgress(CoreProgressManager.java:488)
	at com.intellij.openapi.progress.impl.ProgressManagerImpl.executeProcessUnderProgress(ProgressManagerImpl.java:94)
	at com.intellij.openapi.progress.impl.CoreProgressManager.runProcess(CoreProgressManager.java:144)
	at com.intellij.openapi.progress.impl.ProgressManagerImpl$2.run(ProgressManagerImpl.java:165)
	at com.intellij.openapi.application.impl.ApplicationImpl$1.run(ApplicationImpl.java:315)
	at java.util.concurrent.Executors$RunnableAdapter.call(Executors.java:511)
	at java.util.concurrent.FutureTask.run(FutureTask.java:266)
	at java.util.concurrent.ThreadPoolExecutor.runWorker(ThreadPoolExecutor.java:1142)
	at java.util.concurrent.ThreadPoolExecutor$Worker.run(ThreadPoolExecutor.java:617)
	at java.lang.Thread.run(Thread.java:745)
Caused by: com.intellij.execution.process.ProcessNotCreatedException: Cannot run program "git.exe" (in directory "C:\1\JavaRushTasks"): CreateProcess error=2, The system cannot find the file specified
	at com.intellij.execution.configurations.GeneralCommandLine.createProcess(GeneralCommandLine.java:386)
	at com.intellij.execution.process.OSProcessHandler.<init>(OSProcessHandler.java:44)
	at com.intellij.execution.process.KillableProcessHandler.<init>(KillableProcessHandler.java:44)
	at com.intellij.execution.process.KillableProcessHandler.<init>(KillableProcessHandler.java:52)
	at git4idea.commands.GitTextHandler$MyOSProcessHandler.<init>(GitTextHandler.java:172)
	at git4idea.commands.GitLineHandler.createProcess(GitLineHandler.java:175)
	at git4idea.commands.GitTextHandler.startProcess(GitTextHandler.java:68)
	at git4idea.commands.GitHandler.start(GitHandler.java:454)
	... 24 more
Caused by: java.io.IOException: Cannot run program "git.exe" (in directory "C:\1\JavaRushTasks"): CreateProcess error=2, The system cannot find the file specified
	at java.lang.ProcessBuilder.start(ProcessBuilder.java:1048)
	at com.intellij.execution.configurations.GeneralCommandLine.startProcess(GeneralCommandLine.java:415)
	at com.intellij.execution.configurations.GeneralCommandLine.createProcess(GeneralCommandLine.java:382)
	... 31 more
Caused by: java.io.IOException: CreateProcess error=2, The system cannot find the file specified
	at java.lang.ProcessImpl.create(Native Method)
	at java.lang.ProcessImpl.<init>(ProcessImpl.java:386)
	at java.lang.ProcessImpl.start(ProcessImpl.java:137)
	at java.lang.ProcessBuilder.start(ProcessBuilder.java:1029)
	... 33 more
2018-03-24 14:25:21 ERROR VcsLogData.logErrorHeader(138) - IntelliJ IDEA 2017.3.4  Build #IC-173.4548.28
2018-03-24 14:25:21 ERROR VcsLogData.logErrorHeader(145) - JDK: 1.8.0_152-release
2018-03-24 14:25:21 ERROR VcsLogData.logErrorHeader(146) - VM: OpenJDK 64-Bit Server VM
2018-03-24 14:25:21 ERROR VcsLogData.logErrorHeader(147) - Vendor: JetBrains s.r.o
2018-03-24 14:25:21 ERROR VcsLogData.logErrorHeader(148) - OS: Windows 10
2018-03-24 14:25:21 ERROR VcsLogData.logErrorHeader(154) - Last Action: 
2018-03-24 14:26:12 INFO  ApacheHttpClient.sendEvent(464) - responseCode = 200
2018-03-24 14:27:12 INFO  ApacheHttpClient.sendEvent(464) - responseCode = 200
2018-03-24 14:28:12 INFO  ApacheHttpClient.sendEvent(464) - responseCode = 200
2018-03-24 14:29:12 INFO  ApacheHttpClient.sendEvent(464) - responseCode = 200
2018-03-24 14:30:12 INFO  ApacheHttpClient.sendEvent(464) - responseCode = 200
2018-03-24 14:31:12 INFO  ApacheHttpClient.sendEvent(464) - responseCode = 200
2018-03-24 14:32:12 INFO  ApacheHttpClient.sendEvent(464) - responseCode = 200
2018-03-24 14:33:12 INFO  ApacheHttpClient.sendEvent(464) - responseCode = 200
2018-03-24 14:34:12 INFO  ApacheHttpClient.sendEvent(464) - responseCode = 200
2018-03-24 14:35:12 INFO  ApacheHttpClient.sendEvent(464) - responseCode = 200
2018-03-24 14:36:12 INFO  ApacheHttpClient.sendEvent(464) - responseCode = 200
2018-03-24 14:37:12 INFO  ApacheHttpClient.sendEvent(464) - responseCode = 200
2018-03-24 14:38:12 INFO  ApacheHttpClient.sendEvent(464) - responseCode = 200
2018-03-24 14:39:12 INFO  ApacheHttpClient.sendEvent(464) - responseCode = 200
2018-03-24 14:40:12 INFO  ApacheHttpClient.sendEvent(464) - responseCode = 200
2018-03-24 14:41:12 INFO  ApacheHttpClient.sendEvent(464) - responseCode = 200
2018-03-24 14:42:12 INFO  ApacheHttpClient.sendEvent(464) - responseCode = 200
2018-03-24 14:43:12 INFO  ApacheHttpClient.sendEvent(464) - responseCode = 200
2018-03-24 14:44:12 INFO  ApacheHttpClient.sendEvent(464) - responseCode = 200
2018-03-24 14:45:12 INFO  ApacheHttpClient.sendEvent(464) - responseCode = 200
2018-03-24 14:46:12 INFO  ApacheHttpClient.sendEvent(464) - responseCode = 200
2018-03-24 14:47:12 INFO  ApacheHttpClient.sendEvent(464) - responseCode = 200
2018-03-24 14:48:12 INFO  ApacheHttpClient.sendEvent(464) - responseCode = 200
2018-03-24 14:49:12 INFO  ApacheHttpClient.sendEvent(464) - responseCode = 200
2018-03-24 14:50:12 INFO  ApacheHttpClient.sendEvent(464) - responseCode = 200
2018-03-24 14:51:12 INFO  ApacheHttpClient.sendEvent(464) - responseCode = 200
2018-03-24 14:52:12 INFO  ApacheHttpClient.sendEvent(464) - responseCode = 200
2018-03-24 14:53:12 INFO  ApacheHttpClient.sendEvent(464) - responseCode = 200
2018-03-24 14:54:12 INFO  ApacheHttpClient.sendEvent(464) - responseCode = 200
2018-03-24 14:55:12 INFO  ApacheHttpClient.sendEvent(464) - responseCode = 200
2018-03-24 14:56:12 INFO  ApacheHttpClient.sendEvent(464) - responseCode = 200
2018-03-24 14:57:12 INFO  ApacheHttpClient.sendEvent(464) - responseCode = 200
2018-03-24 14:58:12 INFO  ApacheHttpClient.sendEvent(464) - responseCode = 200
2018-03-24 14:59:12 INFO  ApacheHttpClient.sendEvent(464) - responseCode = 200
2018-03-24 15:00:12 INFO  ApacheHttpClient.sendEvent(464) - responseCode = 200
2018-03-24 15:01:12 INFO  ApacheHttpClient.sendEvent(464) - responseCode = 200
2018-03-24 15:02:12 INFO  ApacheHttpClient.sendEvent(464) - responseCode = 200
2018-03-24 15:03:12 INFO  ApacheHttpClient.sendEvent(464) - responseCode = 200
2018-03-24 15:04:12 INFO  ApacheHttpClient.sendEvent(464) - responseCode = 200
2018-03-24 15:05:12 INFO  ApacheHttpClient.sendEvent(464) - responseCode = 200
2018-03-24 15:06:12 INFO  ApacheHttpClient.sendEvent(464) - responseCode = 200
2018-03-24 15:07:12 INFO  ApacheHttpClient.sendEvent(464) - responseCode = 200
2018-03-24 15:08:12 INFO  ApacheHttpClient.sendEvent(464) - responseCode = 200
2018-03-24 15:09:12 INFO  ApacheHttpClient.sendEvent(464) - responseCode = 200
2018-03-24 15:10:12 INFO  ApacheHttpClient.sendEvent(464) - responseCode = 200
2018-03-24 15:11:10 INFO  ApacheHttpClient.getWebResourceAsStream(431) - responseCode = 200
2018-03-24 15:11:10 INFO  ApacheHttpClient.getFilteredTasks(318) - responseCode = 200
2018-03-24 15:11:10 ERROR GitHandler.error(130) - Cannot run program "git.exe" (in directory "C:\1\JavaRushTasks"): CreateProcess error=2, The system cannot find the file specified
com.intellij.execution.process.ProcessNotCreatedException: Cannot run program "git.exe" (in directory "C:\1\JavaRushTasks"): CreateProcess error=2, The system cannot find the file specified
	at com.intellij.execution.configurations.GeneralCommandLine.createProcess(GeneralCommandLine.java:386)
	at com.intellij.execution.process.OSProcessHandler.<init>(OSProcessHandler.java:44)
	at com.intellij.execution.process.KillableProcessHandler.<init>(KillableProcessHandler.java:44)
	at com.intellij.execution.process.KillableProcessHandler.<init>(KillableProcessHandler.java:52)
	at git4idea.commands.GitTextHandler$MyOSProcessHandler.<init>(GitTextHandler.java:172)
	at git4idea.commands.GitLineHandler.createProcess(GitLineHandler.java:175)
	at git4idea.commands.GitTextHandler.startProcess(GitTextHandler.java:68)
	at git4idea.commands.GitHandler.start(GitHandler.java:454)
	at git4idea.commands.GitHandler.runInCurrentThread(GitHandler.java:751)
	at git4idea.history.GitLogUtil.readTimedCommits(GitLogUtil.java:150)
	at git4idea.log.GitLogProvider.getCommitsMatchingFilter(GitLogProvider.java:523)
	at git4idea.log.GitBekParentFixer.getWrongCommits(GitBekParentFixer.java:58)
	at git4idea.log.GitBekParentFixer.prepare(GitBekParentFixer.java:45)
	at git4idea.log.GitLogProvider.readAllHashes(GitLogProvider.java:319)
	at com.intellij.vcs.log.data.VcsLogRefresherImpl$MyRefreshTask$1.each(VcsLogRefresherImpl.java:356)
	at com.intellij.vcs.log.data.VcsLogRefresherImpl$ProviderIterator.iterate(VcsLogRefresherImpl.java:394)
	at com.intellij.vcs.log.data.VcsLogRefresherImpl$MyRefreshTask.readFullLogFromVcs(VcsLogRefresherImpl.java:362)
	at com.intellij.vcs.log.data.VcsLogRefresherImpl$MyRefreshTask.loadFullLog(VcsLogRefresherImpl.java:341)
	at com.intellij.vcs.log.data.VcsLogRefresherImpl$MyRefreshTask.doRefresh(VcsLogRefresherImpl.java:266)
	at com.intellij.vcs.log.data.VcsLogRefresherImpl$MyRefreshTask.run(VcsLogRefresherImpl.java:224)
	at com.intellij.openapi.progress.impl.CoreProgressManager$TaskRunnable.run(CoreProgressManager.java:713)
	at com.intellij.openapi.progress.impl.CoreProgressManager.lambda$runProcess$1(CoreProgressManager.java:157)
	at com.intellij.openapi.progress.impl.CoreProgressManager.registerIndicatorAndRun(CoreProgressManager.java:543)
	at com.intellij.openapi.progress.impl.CoreProgressManager.executeProcessUnderProgress(CoreProgressManager.java:488)
	at com.intellij.openapi.progress.impl.ProgressManagerImpl.executeProcessUnderProgress(ProgressManagerImpl.java:94)
	at com.intellij.openapi.progress.impl.CoreProgressManager.runProcess(CoreProgressManager.java:144)
	at com.intellij.openapi.progress.impl.ProgressManagerImpl$2.run(ProgressManagerImpl.java:165)
	at com.intellij.openapi.application.impl.ApplicationImpl$1.run(ApplicationImpl.java:315)
	at java.util.concurrent.Executors$RunnableAdapter.call(Executors.java:511)
	at java.util.concurrent.FutureTask.run(FutureTask.java:266)
	at java.util.concurrent.ThreadPoolExecutor.runWorker(ThreadPoolExecutor.java:1142)
	at java.util.concurrent.ThreadPoolExecutor$Worker.run(ThreadPoolExecutor.java:617)
	at java.lang.Thread.run(Thread.java:745)
Caused by: java.io.IOException: Cannot run program "git.exe" (in directory "C:\1\JavaRushTasks"): CreateProcess error=2, The system cannot find the file specified
	at java.lang.ProcessBuilder.start(ProcessBuilder.java:1048)
	at com.intellij.execution.configurations.GeneralCommandLine.startProcess(GeneralCommandLine.java:415)
	at com.intellij.execution.configurations.GeneralCommandLine.createProcess(GeneralCommandLine.java:382)
	... 32 more
Caused by: java.io.IOException: CreateProcess error=2, The system cannot find the file specified
	at java.lang.ProcessImpl.create(Native Method)
	at java.lang.ProcessImpl.<init>(ProcessImpl.java:386)
	at java.lang.ProcessImpl.start(ProcessImpl.java:137)
	at java.lang.ProcessBuilder.start(ProcessBuilder.java:1029)
	... 34 more
2018-03-24 15:11:10 ERROR GitHandler.logErrorHeader(138) - IntelliJ IDEA 2017.3.4  Build #IC-173.4548.28
2018-03-24 15:11:10 ERROR GitHandler.logErrorHeader(145) - JDK: 1.8.0_152-release
2018-03-24 15:11:10 ERROR GitHandler.logErrorHeader(146) - VM: OpenJDK 64-Bit Server VM
2018-03-24 15:11:10 ERROR GitHandler.logErrorHeader(147) - Vendor: JetBrains s.r.o
2018-03-24 15:11:10 ERROR GitHandler.logErrorHeader(148) - OS: Windows 10
2018-03-24 15:11:10 ERROR GitHandler.logErrorHeader(154) - Last Action: TaskChooser
2018-03-24 15:11:10 ERROR VcsLogData.error(130) - Cannot run program "git.exe" (in directory "C:\1\JavaRushTasks"): CreateProcess error=2, The system cannot find the file specified
com.intellij.openapi.vcs.VcsException: Cannot run program "git.exe" (in directory "C:\1\JavaRushTasks"): CreateProcess error=2, The system cannot find the file specified
	at git4idea.history.GitLogOutputSplitter.startFailed(GitLogOutputSplitter.java:125)
	at sun.reflect.NativeMethodAccessorImpl.invoke0(Native Method)
	at sun.reflect.NativeMethodAccessorImpl.invoke(NativeMethodAccessorImpl.java:62)
	at sun.reflect.DelegatingMethodAccessorImpl.invoke(DelegatingMethodAccessorImpl.java:43)
	at java.lang.reflect.Method.invoke(Method.java:498)
	at com.intellij.util.EventDispatcher.dispatch(EventDispatcher.java:99)
	at com.intellij.util.EventDispatcher.access$200(EventDispatcher.java:35)
	at com.intellij.util.EventDispatcher$2.invoke(EventDispatcher.java:79)
	at com.sun.proxy.$Proxy100.startFailed(Unknown Source)
	at git4idea.commands.GitHandler.start(GitHandler.java:465)
	at git4idea.commands.GitHandler.runInCurrentThread(GitHandler.java:751)
	at git4idea.history.GitLogUtil.readTimedCommits(GitLogUtil.java:150)
	at git4idea.log.GitLogProvider.getCommitsMatchingFilter(GitLogProvider.java:523)
	at git4idea.log.GitBekParentFixer.getWrongCommits(GitBekParentFixer.java:58)
	at git4idea.log.GitBekParentFixer.prepare(GitBekParentFixer.java:45)
	at git4idea.log.GitLogProvider.readAllHashes(GitLogProvider.java:319)
	at com.intellij.vcs.log.data.VcsLogRefresherImpl$MyRefreshTask$1.each(VcsLogRefresherImpl.java:356)
	at com.intellij.vcs.log.data.VcsLogRefresherImpl$ProviderIterator.iterate(VcsLogRefresherImpl.java:394)
	at com.intellij.vcs.log.data.VcsLogRefresherImpl$MyRefreshTask.readFullLogFromVcs(VcsLogRefresherImpl.java:362)
	at com.intellij.vcs.log.data.VcsLogRefresherImpl$MyRefreshTask.loadFullLog(VcsLogRefresherImpl.java:341)
	at com.intellij.vcs.log.data.VcsLogRefresherImpl$MyRefreshTask.doRefresh(VcsLogRefresherImpl.java:266)
	at com.intellij.vcs.log.data.VcsLogRefresherImpl$MyRefreshTask.run(VcsLogRefresherImpl.java:224)
	at com.intellij.openapi.progress.impl.CoreProgressManager$TaskRunnable.run(CoreProgressManager.java:713)
	at com.intellij.openapi.progress.impl.CoreProgressManager.lambda$runProcess$1(CoreProgressManager.java:157)
	at com.intellij.openapi.progress.impl.CoreProgressManager.registerIndicatorAndRun(CoreProgressManager.java:543)
	at com.intellij.openapi.progress.impl.CoreProgressManager.executeProcessUnderProgress(CoreProgressManager.java:488)
	at com.intellij.openapi.progress.impl.ProgressManagerImpl.executeProcessUnderProgress(ProgressManagerImpl.java:94)
	at com.intellij.openapi.progress.impl.CoreProgressManager.runProcess(CoreProgressManager.java:144)
	at com.intellij.openapi.progress.impl.ProgressManagerImpl$2.run(ProgressManagerImpl.java:165)
	at com.intellij.openapi.application.impl.ApplicationImpl$1.run(ApplicationImpl.java:315)
	at java.util.concurrent.Executors$RunnableAdapter.call(Executors.java:511)
	at java.util.concurrent.FutureTask.run(FutureTask.java:266)
	at java.util.concurrent.ThreadPoolExecutor.runWorker(ThreadPoolExecutor.java:1142)
	at java.util.concurrent.ThreadPoolExecutor$Worker.run(ThreadPoolExecutor.java:617)
	at java.lang.Thread.run(Thread.java:745)
Caused by: com.intellij.execution.process.ProcessNotCreatedException: Cannot run program "git.exe" (in directory "C:\1\JavaRushTasks"): CreateProcess error=2, The system cannot find the file specified
	at com.intellij.execution.configurations.GeneralCommandLine.createProcess(GeneralCommandLine.java:386)
	at com.intellij.execution.process.OSProcessHandler.<init>(OSProcessHandler.java:44)
	at com.intellij.execution.process.KillableProcessHandler.<init>(KillableProcessHandler.java:44)
	at com.intellij.execution.process.KillableProcessHandler.<init>(KillableProcessHandler.java:52)
	at git4idea.commands.GitTextHandler$MyOSProcessHandler.<init>(GitTextHandler.java:172)
	at git4idea.commands.GitLineHandler.createProcess(GitLineHandler.java:175)
	at git4idea.commands.GitTextHandler.startProcess(GitTextHandler.java:68)
	at git4idea.commands.GitHandler.start(GitHandler.java:454)
	... 25 more
Caused by: java.io.IOException: Cannot run program "git.exe" (in directory "C:\1\JavaRushTasks"): CreateProcess error=2, The system cannot find the file specified
	at java.lang.ProcessBuilder.start(ProcessBuilder.java:1048)
	at com.intellij.execution.configurations.GeneralCommandLine.startProcess(GeneralCommandLine.java:415)
	at com.intellij.execution.configurations.GeneralCommandLine.createProcess(GeneralCommandLine.java:382)
	... 32 more
Caused by: java.io.IOException: CreateProcess error=2, The system cannot find the file specified
	at java.lang.ProcessImpl.create(Native Method)
	at java.lang.ProcessImpl.<init>(ProcessImpl.java:386)
	at java.lang.ProcessImpl.start(ProcessImpl.java:137)
	at java.lang.ProcessBuilder.start(ProcessBuilder.java:1029)
	... 34 more
2018-03-24 15:11:10 ERROR VcsLogData.logErrorHeader(138) - IntelliJ IDEA 2017.3.4  Build #IC-173.4548.28
2018-03-24 15:11:10 ERROR VcsLogData.logErrorHeader(145) - JDK: 1.8.0_152-release
2018-03-24 15:11:10 ERROR VcsLogData.logErrorHeader(146) - VM: OpenJDK 64-Bit Server VM
2018-03-24 15:11:10 ERROR VcsLogData.logErrorHeader(147) - Vendor: JetBrains s.r.o
2018-03-24 15:11:10 ERROR VcsLogData.logErrorHeader(148) - OS: Windows 10
2018-03-24 15:11:10 ERROR VcsLogData.logErrorHeader(154) - Last Action: TaskChooser
2018-03-24 15:11:12 INFO  ApacheHttpClient.sendEvent(464) - responseCode = 200
2018-03-24 15:11:18 INFO  ApacheHttpClient.getTaskTemplateInfo(335) - responseCode = 200
2018-03-24 15:11:18 INFO  ApacheHttpClient.testConnection(188) - responseCode = 200
2018-03-24 15:11:18 INFO  ApacheHttpClient.testConnection(196) - result = true
2018-03-24 15:11:18 INFO  ApacheHttpClient.testConnection(188) - responseCode = 200
2018-03-24 15:11:18 INFO  ApacheHttpClient.testConnection(196) - result = true
2018-03-24 15:11:19 INFO  ApacheHttpClient.getWebResourceAsStream(431) - responseCode = 200
2018-03-24 15:11:22 INFO  ApacheHttpClient.testConnection(188) - responseCode = 200
2018-03-24 15:11:22 INFO  ApacheHttpClient.testConnection(196) - result = true
2018-03-24 15:11:22 INFO  ApacheHttpClient.testConnection(188) - responseCode = 200
2018-03-24 15:11:22 INFO  ApacheHttpClient.testConnection(196) - result = true
2018-03-24 15:11:22 INFO  ApacheHttpClient.getWebResourceAsStream(431) - responseCode = 200
2018-03-24 15:12:12 INFO  ApacheHttpClient.sendEvent(464) - responseCode = 200
2018-03-24 15:13:12 INFO  ApacheHttpClient.sendEvent(464) - responseCode = 200
2018-03-24 15:14:12 INFO  ApacheHttpClient.sendEvent(464) - responseCode = 200
2018-03-24 15:15:12 INFO  ApacheHttpClient.sendEvent(464) - responseCode = 200
2018-03-24 15:16:12 INFO  ApacheHttpClient.sendEvent(464) - responseCode = 200
2018-03-24 15:17:12 INFO  ApacheHttpClient.sendEvent(464) - responseCode = 200
2018-03-24 15:18:12 INFO  ApacheHttpClient.sendEvent(464) - responseCode = 200
2018-03-24 15:19:12 INFO  ApacheHttpClient.sendEvent(464) - responseCode = 200
2018-03-24 15:20:12 INFO  ApacheHttpClient.sendEvent(464) - responseCode = 200
2018-03-24 15:21:12 INFO  ApacheHttpClient.sendEvent(464) - responseCode = 200
2018-03-24 15:22:12 INFO  ApacheHttpClient.sendEvent(464) - responseCode = 200
2018-03-24 15:23:12 INFO  ApacheHttpClient.sendEvent(464) - responseCode = 200
2018-03-24 15:24:12 INFO  ApacheHttpClient.sendEvent(464) - responseCode = 200
2018-03-24 15:25:12 INFO  ApacheHttpClient.sendEvent(464) - responseCode = 200
2018-03-24 15:26:12 INFO  ApacheHttpClient.sendEvent(464) - responseCode = 200
2018-03-24 15:27:12 INFO  ApacheHttpClient.sendEvent(464) - responseCode = 200
2018-03-24 15:28:12 INFO  ApacheHttpClient.sendEvent(464) - responseCode = 200
2018-03-24 15:29:12 INFO  ApacheHttpClient.sendEvent(464) - responseCode = 200
2018-03-24 15:30:12 INFO  ApacheHttpClient.sendEvent(464) - responseCode = 200
2018-03-24 15:31:12 INFO  ApacheHttpClient.sendEvent(464) - responseCode = 200
2018-03-24 15:32:12 INFO  ApacheHttpClient.sendEvent(464) - responseCode = 200
2018-03-24 15:33:12 INFO  ApacheHttpClient.sendEvent(464) - responseCode = 200
2018-03-24 15:34:12 INFO  ApacheHttpClient.sendEvent(464) - responseCode = 200
2018-03-24 15:35:12 INFO  ApacheHttpClient.sendEvent(464) - responseCode = 200
2018-03-24 15:36:12 INFO  ApacheHttpClient.sendEvent(464) - responseCode = 200
2018-03-24 15:37:12 INFO  ApacheHttpClient.sendEvent(464) - responseCode = 200
2018-03-24 15:38:12 INFO  ApacheHttpClient.sendEvent(464) - responseCode = 200
2018-03-24 15:39:12 INFO  ApacheHttpClient.sendEvent(464) - responseCode = 200
2018-03-24 15:40:12 INFO  ApacheHttpClient.sendEvent(464) - responseCode = 200
2018-03-24 15:41:12 INFO  ApacheHttpClient.sendEvent(464) - responseCode = 200
2018-03-24 15:42:12 INFO  ApacheHttpClient.sendEvent(464) - responseCode = 200
2018-03-24 15:43:12 INFO  ApacheHttpClient.sendEvent(464) - responseCode = 200
2018-03-24 15:44:12 INFO  ApacheHttpClient.sendEvent(464) - responseCode = 200
2018-03-24 15:45:12 INFO  ApacheHttpClient.sendEvent(464) - responseCode = 200
2018-03-24 15:46:12 INFO  ApacheHttpClient.sendEvent(464) - responseCode = 200
2018-03-24 15:47:12 INFO  ApacheHttpClient.sendEvent(464) - responseCode = 200
2018-03-24 15:48:12 INFO  ApacheHttpClient.sendEvent(464) - responseCode = 200
2018-03-24 15:49:12 INFO  ApacheHttpClient.sendEvent(464) - responseCode = 200
2018-03-24 15:50:12 INFO  ApacheHttpClient.sendEvent(464) - responseCode = 200
2018-03-24 15:50:57 INFO  ApacheHttpClient.getWebResourceAsStream(431) - responseCode = 200
2018-03-24 15:50:57 INFO  ApacheHttpClient.getTask(416) - responseCode = 200
2018-03-24 15:50:57 INFO  ApacheHttpClient.getWebResourceAsStream(431) - responseCode = 200
2018-03-24 15:50:59 INFO  ApacheHttpClient.completed(27) - responseCode = 200
2018-03-24 15:50:59 INFO  ApacheHttpClient.getTask(416) - responseCode = 200
2018-03-24 15:51:06 INFO  ApacheHttpClient.getWebResourceAsStream(431) - responseCode = 200
2018-03-24 15:51:06 WARN  JavaRushUtil.getCurrentTask(68) - Ошибка получения ключа задачи.
2018-03-24 15:51:06 INFO  ApacheHttpClient.getTask(416) - responseCode = 200
2018-03-24 15:51:12 INFO  ApacheHttpClient.sendEvent(464) - responseCode = 200
2018-03-24 15:52:12 INFO  ApacheHttpClient.sendEvent(464) - responseCode = 200
2018-03-24 15:53:12 INFO  ApacheHttpClient.sendEvent(464) - responseCode = 200
2018-03-24 15:54:12 INFO  ApacheHttpClient.sendEvent(464) - responseCode = 200
2018-03-24 15:55:12 INFO  ApacheHttpClient.sendEvent(464) - responseCode = 200
2018-03-24 15:56:12 INFO  ApacheHttpClient.sendEvent(464) - responseCode = 200
2018-03-24 15:57:12 INFO  ApacheHttpClient.sendEvent(464) - responseCode = 200
2018-03-24 15:58:12 INFO  ApacheHttpClient.sendEvent(464) - responseCode = 200
2018-03-24 15:59:12 INFO  ApacheHttpClient.sendEvent(464) - responseCode = 200
2018-03-24 16:00:12 INFO  ApacheHttpClient.sendEvent(464) - responseCode = 200
2018-03-24 16:01:12 INFO  ApacheHttpClient.sendEvent(464) - responseCode = 200
2018-03-24 16:02:12 INFO  ApacheHttpClient.sendEvent(464) - responseCode = 200
2018-03-24 16:03:09 INFO  ApacheHttpClient.getWebResourceAsStream(431) - responseCode = 200
2018-03-24 16:03:09 INFO  ApacheHttpClient.getFilteredTasks(318) - responseCode = 200
2018-03-24 16:03:10 ERROR GitHandler.error(130) - Cannot run program "git.exe" (in directory "C:\1\JavaRushTasks"): CreateProcess error=2, The system cannot find the file specified
com.intellij.execution.process.ProcessNotCreatedException: Cannot run program "git.exe" (in directory "C:\1\JavaRushTasks"): CreateProcess error=2, The system cannot find the file specified
	at com.intellij.execution.configurations.GeneralCommandLine.createProcess(GeneralCommandLine.java:386)
	at com.intellij.execution.process.OSProcessHandler.<init>(OSProcessHandler.java:44)
	at com.intellij.execution.process.KillableProcessHandler.<init>(KillableProcessHandler.java:44)
	at com.intellij.execution.process.KillableProcessHandler.<init>(KillableProcessHandler.java:52)
	at git4idea.commands.GitTextHandler$MyOSProcessHandler.<init>(GitTextHandler.java:172)
	at git4idea.commands.GitLineHandler.createProcess(GitLineHandler.java:175)
	at git4idea.commands.GitTextHandler.startProcess(GitTextHandler.java:68)
	at git4idea.commands.GitHandler.start(GitHandler.java:454)
	at git4idea.commands.GitHandler.runInCurrentThread(GitHandler.java:751)
	at git4idea.history.GitLogUtil.readTimedCommits(GitLogUtil.java:150)
	at git4idea.log.GitLogProvider.getCommitsMatchingFilter(GitLogProvider.java:523)
	at git4idea.log.GitBekParentFixer.getWrongCommits(GitBekParentFixer.java:58)
	at git4idea.log.GitBekParentFixer.prepare(GitBekParentFixer.java:45)
	at git4idea.log.GitLogProvider.readAllHashes(GitLogProvider.java:319)
	at com.intellij.vcs.log.data.VcsLogRefresherImpl$MyRefreshTask$1.each(VcsLogRefresherImpl.java:356)
	at com.intellij.vcs.log.data.VcsLogRefresherImpl$ProviderIterator.iterate(VcsLogRefresherImpl.java:394)
	at com.intellij.vcs.log.data.VcsLogRefresherImpl$MyRefreshTask.readFullLogFromVcs(VcsLogRefresherImpl.java:362)
	at com.intellij.vcs.log.data.VcsLogRefresherImpl$MyRefreshTask.loadFullLog(VcsLogRefresherImpl.java:341)
	at com.intellij.vcs.log.data.VcsLogRefresherImpl$MyRefreshTask.doRefresh(VcsLogRefresherImpl.java:266)
	at com.intellij.vcs.log.data.VcsLogRefresherImpl$MyRefreshTask.run(VcsLogRefresherImpl.java:224)
	at com.intellij.openapi.progress.impl.CoreProgressManager$TaskRunnable.run(CoreProgressManager.java:713)
	at com.intellij.openapi.progress.impl.CoreProgressManager.lambda$runProcess$1(CoreProgressManager.java:157)
	at com.intellij.openapi.progress.impl.CoreProgressManager.registerIndicatorAndRun(CoreProgressManager.java:543)
	at com.intellij.openapi.progress.impl.CoreProgressManager.executeProcessUnderProgress(CoreProgressManager.java:488)
	at com.intellij.openapi.progress.impl.ProgressManagerImpl.executeProcessUnderProgress(ProgressManagerImpl.java:94)
	at com.intellij.openapi.progress.impl.CoreProgressManager.runProcess(CoreProgressManager.java:144)
	at com.intellij.openapi.progress.impl.ProgressManagerImpl$2.run(ProgressManagerImpl.java:165)
	at com.intellij.openapi.application.impl.ApplicationImpl$1.run(ApplicationImpl.java:315)
	at java.util.concurrent.Executors$RunnableAdapter.call(Executors.java:511)
	at java.util.concurrent.FutureTask.run(FutureTask.java:266)
	at java.util.concurrent.ThreadPoolExecutor.runWorker(ThreadPoolExecutor.java:1142)
	at java.util.concurrent.ThreadPoolExecutor$Worker.run(ThreadPoolExecutor.java:617)
	at java.lang.Thread.run(Thread.java:745)
Caused by: java.io.IOException: Cannot run program "git.exe" (in directory "C:\1\JavaRushTasks"): CreateProcess error=2, The system cannot find the file specified
	at java.lang.ProcessBuilder.start(ProcessBuilder.java:1048)
	at com.intellij.execution.configurations.GeneralCommandLine.startProcess(GeneralCommandLine.java:415)
	at com.intellij.execution.configurations.GeneralCommandLine.createProcess(GeneralCommandLine.java:382)
	... 32 more
Caused by: java.io.IOException: CreateProcess error=2, The system cannot find the file specified
	at java.lang.ProcessImpl.create(Native Method)
	at java.lang.ProcessImpl.<init>(ProcessImpl.java:386)
	at java.lang.ProcessImpl.start(ProcessImpl.java:137)
	at java.lang.ProcessBuilder.start(ProcessBuilder.java:1029)
	... 34 more
2018-03-24 16:03:10 ERROR GitHandler.logErrorHeader(138) - IntelliJ IDEA 2017.3.4  Build #IC-173.4548.28
2018-03-24 16:03:10 ERROR GitHandler.logErrorHeader(145) - JDK: 1.8.0_152-release
2018-03-24 16:03:10 ERROR GitHandler.logErrorHeader(146) - VM: OpenJDK 64-Bit Server VM
2018-03-24 16:03:10 ERROR GitHandler.logErrorHeader(147) - Vendor: JetBrains s.r.o
2018-03-24 16:03:10 ERROR GitHandler.logErrorHeader(148) - OS: Windows 10
2018-03-24 16:03:10 ERROR GitHandler.logErrorHeader(154) - Last Action: TaskChooser
2018-03-24 16:03:10 ERROR VcsLogData.error(130) - Cannot run program "git.exe" (in directory "C:\1\JavaRushTasks"): CreateProcess error=2, The system cannot find the file specified
com.intellij.openapi.vcs.VcsException: Cannot run program "git.exe" (in directory "C:\1\JavaRushTasks"): CreateProcess error=2, The system cannot find the file specified
	at git4idea.history.GitLogOutputSplitter.startFailed(GitLogOutputSplitter.java:125)
	at sun.reflect.NativeMethodAccessorImpl.invoke0(Native Method)
	at sun.reflect.NativeMethodAccessorImpl.invoke(NativeMethodAccessorImpl.java:62)
	at sun.reflect.DelegatingMethodAccessorImpl.invoke(DelegatingMethodAccessorImpl.java:43)
	at java.lang.reflect.Method.invoke(Method.java:498)
	at com.intellij.util.EventDispatcher.dispatch(EventDispatcher.java:99)
	at com.intellij.util.EventDispatcher.access$200(EventDispatcher.java:35)
	at com.intellij.util.EventDispatcher$2.invoke(EventDispatcher.java:79)
	at com.sun.proxy.$Proxy100.startFailed(Unknown Source)
	at git4idea.commands.GitHandler.start(GitHandler.java:465)
	at git4idea.commands.GitHandler.runInCurrentThread(GitHandler.java:751)
	at git4idea.history.GitLogUtil.readTimedCommits(GitLogUtil.java:150)
	at git4idea.log.GitLogProvider.getCommitsMatchingFilter(GitLogProvider.java:523)
	at git4idea.log.GitBekParentFixer.getWrongCommits(GitBekParentFixer.java:58)
	at git4idea.log.GitBekParentFixer.prepare(GitBekParentFixer.java:45)
	at git4idea.log.GitLogProvider.readAllHashes(GitLogProvider.java:319)
	at com.intellij.vcs.log.data.VcsLogRefresherImpl$MyRefreshTask$1.each(VcsLogRefresherImpl.java:356)
	at com.intellij.vcs.log.data.VcsLogRefresherImpl$ProviderIterator.iterate(VcsLogRefresherImpl.java:394)
	at com.intellij.vcs.log.data.VcsLogRefresherImpl$MyRefreshTask.readFullLogFromVcs(VcsLogRefresherImpl.java:362)
	at com.intellij.vcs.log.data.VcsLogRefresherImpl$MyRefreshTask.loadFullLog(VcsLogRefresherImpl.java:341)
	at com.intellij.vcs.log.data.VcsLogRefresherImpl$MyRefreshTask.doRefresh(VcsLogRefresherImpl.java:266)
	at com.intellij.vcs.log.data.VcsLogRefresherImpl$MyRefreshTask.run(VcsLogRefresherImpl.java:224)
	at com.intellij.openapi.progress.impl.CoreProgressManager$TaskRunnable.run(CoreProgressManager.java:713)
	at com.intellij.openapi.progress.impl.CoreProgressManager.lambda$runProcess$1(CoreProgressManager.java:157)
	at com.intellij.openapi.progress.impl.CoreProgressManager.registerIndicatorAndRun(CoreProgressManager.java:543)
	at com.intellij.openapi.progress.impl.CoreProgressManager.executeProcessUnderProgress(CoreProgressManager.java:488)
	at com.intellij.openapi.progress.impl.ProgressManagerImpl.executeProcessUnderProgress(ProgressManagerImpl.java:94)
	at com.intellij.openapi.progress.impl.CoreProgressManager.runProcess(CoreProgressManager.java:144)
	at com.intellij.openapi.progress.impl.ProgressManagerImpl$2.run(ProgressManagerImpl.java:165)
	at com.intellij.openapi.application.impl.ApplicationImpl$1.run(ApplicationImpl.java:315)
	at java.util.concurrent.Executors$RunnableAdapter.call(Executors.java:511)
	at java.util.concurrent.FutureTask.run(FutureTask.java:266)
	at java.util.concurrent.ThreadPoolExecutor.runWorker(ThreadPoolExecutor.java:1142)
	at java.util.concurrent.ThreadPoolExecutor$Worker.run(ThreadPoolExecutor.java:617)
	at java.lang.Thread.run(Thread.java:745)
Caused by: com.intellij.execution.process.ProcessNotCreatedException: Cannot run program "git.exe" (in directory "C:\1\JavaRushTasks"): CreateProcess error=2, The system cannot find the file specified
	at com.intellij.execution.configurations.GeneralCommandLine.createProcess(GeneralCommandLine.java:386)
	at com.intellij.execution.process.OSProcessHandler.<init>(OSProcessHandler.java:44)
	at com.intellij.execution.process.KillableProcessHandler.<init>(KillableProcessHandler.java:44)
	at com.intellij.execution.process.KillableProcessHandler.<init>(KillableProcessHandler.java:52)
	at git4idea.commands.GitTextHandler$MyOSProcessHandler.<init>(GitTextHandler.java:172)
	at git4idea.commands.GitLineHandler.createProcess(GitLineHandler.java:175)
	at git4idea.commands.GitTextHandler.startProcess(GitTextHandler.java:68)
	at git4idea.commands.GitHandler.start(GitHandler.java:454)
	... 25 more
Caused by: java.io.IOException: Cannot run program "git.exe" (in directory "C:\1\JavaRushTasks"): CreateProcess error=2, The system cannot find the file specified
	at java.lang.ProcessBuilder.start(ProcessBuilder.java:1048)
	at com.intellij.execution.configurations.GeneralCommandLine.startProcess(GeneralCommandLine.java:415)
	at com.intellij.execution.configurations.GeneralCommandLine.createProcess(GeneralCommandLine.java:382)
	... 32 more
Caused by: java.io.IOException: CreateProcess error=2, The system cannot find the file specified
	at java.lang.ProcessImpl.create(Native Method)
	at java.lang.ProcessImpl.<init>(ProcessImpl.java:386)
	at java.lang.ProcessImpl.start(ProcessImpl.java:137)
	at java.lang.ProcessBuilder.start(ProcessBuilder.java:1029)
	... 34 more
2018-03-24 16:03:10 ERROR VcsLogData.logErrorHeader(138) - IntelliJ IDEA 2017.3.4  Build #IC-173.4548.28
2018-03-24 16:03:10 ERROR VcsLogData.logErrorHeader(145) - JDK: 1.8.0_152-release
2018-03-24 16:03:10 ERROR VcsLogData.logErrorHeader(146) - VM: OpenJDK 64-Bit Server VM
2018-03-24 16:03:10 ERROR VcsLogData.logErrorHeader(147) - Vendor: JetBrains s.r.o
2018-03-24 16:03:10 ERROR VcsLogData.logErrorHeader(148) - OS: Windows 10
2018-03-24 16:03:10 ERROR VcsLogData.logErrorHeader(154) - Last Action: TaskChooser
2018-03-24 16:03:12 INFO  ApacheHttpClient.sendEvent(464) - responseCode = 200
2018-03-24 16:03:15 INFO  ApacheHttpClient.getTaskTemplateInfo(335) - responseCode = 200
2018-03-24 16:03:15 INFO  ApacheHttpClient.getTask(416) - responseCode = 200
2018-03-24 16:03:15 INFO  ApacheHttpClient.testConnection(188) - responseCode = 200
2018-03-24 16:03:15 INFO  ApacheHttpClient.testConnection(196) - result = true
2018-03-24 16:03:15 INFO  ApacheHttpClient.testConnection(188) - responseCode = 200
2018-03-24 16:03:15 INFO  ApacheHttpClient.testConnection(196) - result = true
2018-03-24 16:03:16 INFO  ApacheHttpClient.getWebResourceAsStream(431) - responseCode = 200
2018-03-24 16:03:19 INFO  ApacheHttpClient.testConnection(188) - responseCode = 200
2018-03-24 16:03:19 INFO  ApacheHttpClient.testConnection(196) - result = true
2018-03-24 16:03:21 INFO  ApacheHttpClient.testConnection(188) - responseCode = 200
2018-03-24 16:03:21 INFO  ApacheHttpClient.testConnection(196) - result = true
2018-03-24 16:03:21 INFO  ApacheHttpClient.getWebResourceAsStream(431) - responseCode = 200
2018-03-24 16:04:13 INFO  ApacheHttpClient.sendEvent(464) - responseCode = 200
2018-03-24 16:05:12 INFO  ApacheHttpClient.sendEvent(464) - responseCode = 200
2018-03-24 16:06:12 INFO  ApacheHttpClient.sendEvent(464) - responseCode = 200
2018-03-24 16:07:12 INFO  ApacheHttpClient.sendEvent(464) - responseCode = 200
2018-03-24 16:07:53 INFO  ApacheHttpClient.getWebResourceAsStream(431) - responseCode = 200
2018-03-24 16:07:53 INFO  ApacheHttpClient.getTask(416) - responseCode = 200
2018-03-24 16:07:53 INFO  ApacheHttpClient.getWebResourceAsStream(431) - responseCode = 200
2018-03-24 16:07:54 INFO  ApacheHttpClient.completed(27) - responseCode = 200
2018-03-24 16:07:54 INFO  ApacheHttpClient.getTask(416) - responseCode = 200
2018-03-24 16:08:04 INFO  ApacheHttpClient.getWebResourceAsStream(431) - responseCode = 200
2018-03-24 16:08:04 WARN  JavaRushUtil.getCurrentTask(68) - Ошибка получения ключа задачи.
2018-03-24 16:08:04 INFO  ApacheHttpClient.getTask(416) - responseCode = 200
2018-03-24 16:08:12 INFO  ApacheHttpClient.sendEvent(464) - responseCode = 200
2018-03-24 16:09:12 INFO  ApacheHttpClient.sendEvent(464) - responseCode = 200
2018-03-24 16:10:12 INFO  ApacheHttpClient.sendEvent(464) - responseCode = 200
2018-03-24 16:11:12 INFO  ApacheHttpClient.sendEvent(464) - responseCode = 200
2018-03-24 16:12:12 INFO  ApacheHttpClient.sendEvent(464) - responseCode = 200
2018-03-24 16:13:12 INFO  ApacheHttpClient.sendEvent(464) - responseCode = 200
2018-03-24 16:14:03 INFO  ApacheHttpClient.getWebResourceAsStream(431) - responseCode = 200
2018-03-24 16:14:05 INFO  ApacheHttpClient.getFilteredTasks(318) - responseCode = 200
2018-03-24 16:14:13 INFO  ApacheHttpClient.sendEvent(464) - responseCode = 200
2018-03-24 16:14:16 INFO  ApacheHttpClient.getTaskTemplateInfo(335) - responseCode = 200
2018-03-24 16:14:18 INFO  ApacheHttpClient.testConnection(188) - responseCode = 200
2018-03-24 16:14:18 INFO  ApacheHttpClient.testConnection(196) - result = true
2018-03-24 16:14:19 INFO  ApacheHttpClient.testConnection(188) - responseCode = 200
2018-03-24 16:14:19 INFO  ApacheHttpClient.testConnection(196) - result = true
2018-03-24 16:14:20 INFO  ApacheHttpClient.getWebResourceAsStream(431) - responseCode = 200
2018-03-24 16:15:08 ERROR GitHandler.error(130) - Cannot run program "git.exe" (in directory "C:\1\JavaRushTasks"): CreateProcess error=2, The system cannot find the file specified
com.intellij.execution.process.ProcessNotCreatedException: Cannot run program "git.exe" (in directory "C:\1\JavaRushTasks"): CreateProcess error=2, The system cannot find the file specified
	at com.intellij.execution.configurations.GeneralCommandLine.createProcess(GeneralCommandLine.java:386)
	at com.intellij.execution.process.OSProcessHandler.<init>(OSProcessHandler.java:44)
	at com.intellij.execution.process.KillableProcessHandler.<init>(KillableProcessHandler.java:44)
	at com.intellij.execution.process.KillableProcessHandler.<init>(KillableProcessHandler.java:52)
	at git4idea.commands.GitTextHandler$MyOSProcessHandler.<init>(GitTextHandler.java:172)
	at git4idea.commands.GitLineHandler.createProcess(GitLineHandler.java:175)
	at git4idea.commands.GitTextHandler.startProcess(GitTextHandler.java:68)
	at git4idea.commands.GitHandler.start(GitHandler.java:454)
	at git4idea.commands.GitHandler.runInCurrentThread(GitHandler.java:751)
	at git4idea.history.GitLogUtil.readTimedCommits(GitLogUtil.java:150)
	at git4idea.log.GitLogProvider.getCommitsMatchingFilter(GitLogProvider.java:523)
	at git4idea.log.GitBekParentFixer.getWrongCommits(GitBekParentFixer.java:58)
	at git4idea.log.GitBekParentFixer.prepare(GitBekParentFixer.java:45)
	at git4idea.log.GitLogProvider.readAllHashes(GitLogProvider.java:319)
	at com.intellij.vcs.log.data.VcsLogRefresherImpl$MyRefreshTask$1.each(VcsLogRefresherImpl.java:356)
	at com.intellij.vcs.log.data.VcsLogRefresherImpl$ProviderIterator.iterate(VcsLogRefresherImpl.java:394)
	at com.intellij.vcs.log.data.VcsLogRefresherImpl$MyRefreshTask.readFullLogFromVcs(VcsLogRefresherImpl.java:362)
	at com.intellij.vcs.log.data.VcsLogRefresherImpl$MyRefreshTask.loadFullLog(VcsLogRefresherImpl.java:341)
	at com.intellij.vcs.log.data.VcsLogRefresherImpl$MyRefreshTask.doRefresh(VcsLogRefresherImpl.java:266)
	at com.intellij.vcs.log.data.VcsLogRefresherImpl$MyRefreshTask.run(VcsLogRefresherImpl.java:224)
	at com.intellij.openapi.progress.impl.CoreProgressManager$TaskRunnable.run(CoreProgressManager.java:713)
	at com.intellij.openapi.progress.impl.CoreProgressManager.lambda$runProcess$1(CoreProgressManager.java:157)
	at com.intellij.openapi.progress.impl.CoreProgressManager.registerIndicatorAndRun(CoreProgressManager.java:543)
	at com.intellij.openapi.progress.impl.CoreProgressManager.executeProcessUnderProgress(CoreProgressManager.java:488)
	at com.intellij.openapi.progress.impl.ProgressManagerImpl.executeProcessUnderProgress(ProgressManagerImpl.java:94)
	at com.intellij.openapi.progress.impl.CoreProgressManager.runProcess(CoreProgressManager.java:144)
	at com.intellij.openapi.progress.impl.ProgressManagerImpl$2.run(ProgressManagerImpl.java:165)
	at com.intellij.openapi.application.impl.ApplicationImpl$1.run(ApplicationImpl.java:315)
	at java.util.concurrent.Executors$RunnableAdapter.call(Executors.java:511)
	at java.util.concurrent.FutureTask.run(FutureTask.java:266)
	at java.util.concurrent.ThreadPoolExecutor.runWorker(ThreadPoolExecutor.java:1142)
	at java.util.concurrent.ThreadPoolExecutor$Worker.run(ThreadPoolExecutor.java:617)
	at java.lang.Thread.run(Thread.java:745)
Caused by: java.io.IOException: Cannot run program "git.exe" (in directory "C:\1\JavaRushTasks"): CreateProcess error=2, The system cannot find the file specified
	at java.lang.ProcessBuilder.start(ProcessBuilder.java:1048)
	at com.intellij.execution.configurations.GeneralCommandLine.startProcess(GeneralCommandLine.java:415)
	at com.intellij.execution.configurations.GeneralCommandLine.createProcess(GeneralCommandLine.java:382)
	... 32 more
Caused by: java.io.IOException: CreateProcess error=2, The system cannot find the file specified
	at java.lang.ProcessImpl.create(Native Method)
	at java.lang.ProcessImpl.<init>(ProcessImpl.java:386)
	at java.lang.ProcessImpl.start(ProcessImpl.java:137)
	at java.lang.ProcessBuilder.start(ProcessBuilder.java:1029)
	... 34 more
2018-03-24 16:15:08 ERROR GitHandler.logErrorHeader(138) - IntelliJ IDEA 2017.3.4  Build #IC-173.4548.28
2018-03-24 16:15:08 ERROR GitHandler.logErrorHeader(145) - JDK: 1.8.0_152-release
2018-03-24 16:15:08 ERROR GitHandler.logErrorHeader(146) - VM: OpenJDK 64-Bit Server VM
2018-03-24 16:15:08 ERROR GitHandler.logErrorHeader(147) - Vendor: JetBrains s.r.o
2018-03-24 16:15:08 ERROR GitHandler.logErrorHeader(148) - OS: Windows 10
2018-03-24 16:15:08 ERROR GitHandler.logErrorHeader(154) - Last Action: TaskChooser
2018-03-24 16:15:08 ERROR VcsLogData.error(130) - Cannot run program "git.exe" (in directory "C:\1\JavaRushTasks"): CreateProcess error=2, The system cannot find the file specified
com.intellij.openapi.vcs.VcsException: Cannot run program "git.exe" (in directory "C:\1\JavaRushTasks"): CreateProcess error=2, The system cannot find the file specified
	at git4idea.history.GitLogOutputSplitter.startFailed(GitLogOutputSplitter.java:125)
	at sun.reflect.NativeMethodAccessorImpl.invoke0(Native Method)
	at sun.reflect.NativeMethodAccessorImpl.invoke(NativeMethodAccessorImpl.java:62)
	at sun.reflect.DelegatingMethodAccessorImpl.invoke(DelegatingMethodAccessorImpl.java:43)
	at java.lang.reflect.Method.invoke(Method.java:498)
	at com.intellij.util.EventDispatcher.dispatch(EventDispatcher.java:99)
	at com.intellij.util.EventDispatcher.access$200(EventDispatcher.java:35)
	at com.intellij.util.EventDispatcher$2.invoke(EventDispatcher.java:79)
	at com.sun.proxy.$Proxy100.startFailed(Unknown Source)
	at git4idea.commands.GitHandler.start(GitHandler.java:465)
	at git4idea.commands.GitHandler.runInCurrentThread(GitHandler.java:751)
	at git4idea.history.GitLogUtil.readTimedCommits(GitLogUtil.java:150)
	at git4idea.log.GitLogProvider.getCommitsMatchingFilter(GitLogProvider.java:523)
	at git4idea.log.GitBekParentFixer.getWrongCommits(GitBekParentFixer.java:58)
	at git4idea.log.GitBekParentFixer.prepare(GitBekParentFixer.java:45)
	at git4idea.log.GitLogProvider.readAllHashes(GitLogProvider.java:319)
	at com.intellij.vcs.log.data.VcsLogRefresherImpl$MyRefreshTask$1.each(VcsLogRefresherImpl.java:356)
	at com.intellij.vcs.log.data.VcsLogRefresherImpl$ProviderIterator.iterate(VcsLogRefresherImpl.java:394)
	at com.intellij.vcs.log.data.VcsLogRefresherImpl$MyRefreshTask.readFullLogFromVcs(VcsLogRefresherImpl.java:362)
	at com.intellij.vcs.log.data.VcsLogRefresherImpl$MyRefreshTask.loadFullLog(VcsLogRefresherImpl.java:341)
	at com.intellij.vcs.log.data.VcsLogRefresherImpl$MyRefreshTask.doRefresh(VcsLogRefresherImpl.java:266)
	at com.intellij.vcs.log.data.VcsLogRefresherImpl$MyRefreshTask.run(VcsLogRefresherImpl.java:224)
	at com.intellij.openapi.progress.impl.CoreProgressManager$TaskRunnable.run(CoreProgressManager.java:713)
	at com.intellij.openapi.progress.impl.CoreProgressManager.lambda$runProcess$1(CoreProgressManager.java:157)
	at com.intellij.openapi.progress.impl.CoreProgressManager.registerIndicatorAndRun(CoreProgressManager.java:543)
	at com.intellij.openapi.progress.impl.CoreProgressManager.executeProcessUnderProgress(CoreProgressManager.java:488)
	at com.intellij.openapi.progress.impl.ProgressManagerImpl.executeProcessUnderProgress(ProgressManagerImpl.java:94)
	at com.intellij.openapi.progress.impl.CoreProgressManager.runProcess(CoreProgressManager.java:144)
	at com.intellij.openapi.progress.impl.ProgressManagerImpl$2.run(ProgressManagerImpl.java:165)
	at com.intellij.openapi.application.impl.ApplicationImpl$1.run(ApplicationImpl.java:315)
	at java.util.concurrent.Executors$RunnableAdapter.call(Executors.java:511)
	at java.util.concurrent.FutureTask.run(FutureTask.java:266)
	at java.util.concurrent.ThreadPoolExecutor.runWorker(ThreadPoolExecutor.java:1142)
	at java.util.concurrent.ThreadPoolExecutor$Worker.run(ThreadPoolExecutor.java:617)
	at java.lang.Thread.run(Thread.java:745)
Caused by: com.intellij.execution.process.ProcessNotCreatedException: Cannot run program "git.exe" (in directory "C:\1\JavaRushTasks"): CreateProcess error=2, The system cannot find the file specified
	at com.intellij.execution.configurations.GeneralCommandLine.createProcess(GeneralCommandLine.java:386)
	at com.intellij.execution.process.OSProcessHandler.<init>(OSProcessHandler.java:44)
	at com.intellij.execution.process.KillableProcessHandler.<init>(KillableProcessHandler.java:44)
	at com.intellij.execution.process.KillableProcessHandler.<init>(KillableProcessHandler.java:52)
	at git4idea.commands.GitTextHandler$MyOSProcessHandler.<init>(GitTextHandler.java:172)
	at git4idea.commands.GitLineHandler.createProcess(GitLineHandler.java:175)
	at git4idea.commands.GitTextHandler.startProcess(GitTextHandler.java:68)
	at git4idea.commands.GitHandler.start(GitHandler.java:454)
	... 25 more
Caused by: java.io.IOException: Cannot run program "git.exe" (in directory "C:\1\JavaRushTasks"): CreateProcess error=2, The system cannot find the file specified
	at java.lang.ProcessBuilder.start(ProcessBuilder.java:1048)
	at com.intellij.execution.configurations.GeneralCommandLine.startProcess(GeneralCommandLine.java:415)
	at com.intellij.execution.configurations.GeneralCommandLine.createProcess(GeneralCommandLine.java:382)
	... 32 more
Caused by: java.io.IOException: CreateProcess error=2, The system cannot find the file specified
	at java.lang.ProcessImpl.create(Native Method)
	at java.lang.ProcessImpl.<init>(ProcessImpl.java:386)
	at java.lang.ProcessImpl.start(ProcessImpl.java:137)
	at java.lang.ProcessBuilder.start(ProcessBuilder.java:1029)
	... 34 more
2018-03-24 16:15:08 ERROR VcsLogData.logErrorHeader(138) - IntelliJ IDEA 2017.3.4  Build #IC-173.4548.28
2018-03-24 16:15:08 ERROR VcsLogData.logErrorHeader(145) - JDK: 1.8.0_152-release
2018-03-24 16:15:08 ERROR VcsLogData.logErrorHeader(146) - VM: OpenJDK 64-Bit Server VM
2018-03-24 16:15:08 ERROR VcsLogData.logErrorHeader(147) - Vendor: JetBrains s.r.o
2018-03-24 16:15:08 ERROR VcsLogData.logErrorHeader(148) - OS: Windows 10
2018-03-24 16:15:08 ERROR VcsLogData.logErrorHeader(154) - Last Action: TaskChooser
2018-03-24 16:15:11 INFO  ApacheHttpClient.testConnection(188) - responseCode = 200
2018-03-24 16:15:11 INFO  ApacheHttpClient.testConnection(196) - result = true
2018-03-24 16:15:11 INFO  ApacheHttpClient.testConnection(188) - responseCode = 200
2018-03-24 16:15:11 INFO  ApacheHttpClient.testConnection(196) - result = true
2018-03-24 16:15:11 INFO  ApacheHttpClient.getWebResourceAsStream(431) - responseCode = 200
2018-03-24 16:15:12 INFO  ApacheHttpClient.sendEvent(464) - responseCode = 200
2018-03-24 16:16:12 INFO  ApacheHttpClient.sendEvent(464) - responseCode = 200
2018-03-24 16:17:12 INFO  ApacheHttpClient.sendEvent(464) - responseCode = 200
2018-03-24 16:18:12 INFO  ApacheHttpClient.sendEvent(464) - responseCode = 200
2018-03-24 16:19:12 INFO  ApacheHttpClient.sendEvent(464) - responseCode = 200
2018-03-24 16:19:54 INFO  ApacheHttpClient.getWebResourceAsStream(431) - responseCode = 200
2018-03-24 16:19:55 INFO  ApacheHttpClient.getTask(416) - responseCode = 200
2018-03-24 16:19:57 INFO  ApacheHttpClient.completed(27) - responseCode = 200
2018-03-24 16:19:57 INFO  ApacheHttpClient.getTask(416) - responseCode = 200
2018-03-24 16:20:02 INFO  ApacheHttpClient.getWebResourceAsStream(431) - responseCode = 200
2018-03-24 16:20:12 INFO  ApacheHttpClient.sendEvent(464) - responseCode = 200
2018-03-24 16:20:13 INFO  ApacheHttpClient.getWebResourceAsStream(431) - responseCode = 200
2018-03-24 16:20:13 WARN  JavaRushUtil.getCurrentTask(68) - Ошибка получения ключа задачи.
2018-03-24 16:20:14 INFO  ApacheHttpClient.getTask(416) - responseCode = 200
2018-03-24 16:21:12 INFO  ApacheHttpClient.sendEvent(464) - responseCode = 200
2018-03-24 16:22:12 INFO  ApacheHttpClient.sendEvent(464) - responseCode = 200
2018-03-24 16:23:12 INFO  ApacheHttpClient.sendEvent(464) - responseCode = 200
2018-03-24 16:24:12 INFO  ApacheHttpClient.sendEvent(464) - responseCode = 200
2018-03-24 16:25:12 INFO  ApacheHttpClient.sendEvent(464) - responseCode = 200
2018-03-24 16:26:12 INFO  ApacheHttpClient.sendEvent(464) - responseCode = 200
2018-03-24 16:27:12 INFO  ApacheHttpClient.sendEvent(464) - responseCode = 200
2018-03-24 16:28:12 INFO  ApacheHttpClient.sendEvent(464) - responseCode = 200
2018-03-24 16:29:12 INFO  ApacheHttpClient.sendEvent(464) - responseCode = 200
2018-03-24 16:30:12 INFO  ApacheHttpClient.sendEvent(464) - responseCode = 200
2018-03-24 16:30:50 INFO  ApacheHttpClient.getWebResourceAsStream(431) - responseCode = 200
2018-03-24 16:30:50 INFO  ApacheHttpClient.getTask(416) - responseCode = 200
2018-03-24 16:31:12 INFO  ApacheHttpClient.sendEvent(464) - responseCode = 200
2018-03-24 16:32:12 INFO  ApacheHttpClient.sendEvent(464) - responseCode = 200
2018-03-24 16:33:12 INFO  ApacheHttpClient.sendEvent(464) - responseCode = 200
2018-03-24 16:34:12 INFO  ApacheHttpClient.sendEvent(464) - responseCode = 200
2018-03-24 16:35:12 INFO  ApacheHttpClient.sendEvent(464) - responseCode = 200
2018-03-24 16:36:12 INFO  ApacheHttpClient.sendEvent(464) - responseCode = 200
2018-03-24 16:37:12 INFO  ApacheHttpClient.sendEvent(464) - responseCode = 200
2018-03-24 16:38:12 INFO  ApacheHttpClient.sendEvent(464) - responseCode = 200
2018-03-24 16:39:12 INFO  ApacheHttpClient.sendEvent(464) - responseCode = 200
2018-03-24 16:40:12 INFO  ApacheHttpClient.sendEvent(464) - responseCode = 200
2018-03-24 16:41:12 INFO  ApacheHttpClient.sendEvent(464) - responseCode = 200
2018-03-24 16:42:12 INFO  ApacheHttpClient.sendEvent(464) - responseCode = 200
2018-03-24 16:43:12 INFO  ApacheHttpClient.sendEvent(464) - responseCode = 200
2018-03-24 16:44:12 INFO  ApacheHttpClient.sendEvent(464) - responseCode = 200
2018-03-24 16:45:12 INFO  ApacheHttpClient.sendEvent(464) - responseCode = 200
2018-03-24 16:46:12 INFO  ApacheHttpClient.sendEvent(464) - responseCode = 200
2018-03-24 16:47:12 INFO  ApacheHttpClient.sendEvent(464) - responseCode = 200
